<?xml version="1.0" encoding="UTF-8"?>
<!-- Generated by org.testng.reporters.JUnitXMLReporter -->
<testsuite hostname="Baskara" name="Test(failed)" tests="2" failures="2" timestamp="8 Apr 2022 10:10:14 GMT" time="0.014" errors="0">
  <testcase name="tc2" time="0.004" classname="com.rern.A">
    <failure type="java.lang.ArithmeticException" message="/ by zero">
      <![CDATA[java.lang.ArithmeticException: / by zero
	at com.rern.A.tc2(A.java:19)
... Removed 24 stack frames]]>
    </failure>
  </testcase> <!-- tc2 -->
  <testcase name="tc3" time="0.003" classname="com.rern.A">
    <failure type="java.lang.AssertionError" message="Check tc3 expected [true] but found [false]">
      <![CDATA[java.lang.AssertionError: Check tc3 expected [true] but found [false]
	at com.rern.A.tc3(A.java:11)
... Removed 27 stack frames]]>
    </failure>
  </testcase> <!-- tc3 -->
</testsuite> <!-- Test(failed) -->
